<?xml version="1.0" encoding="UTF-8"?>
<testsuite xmlns:xsi="http://www.w3.org/2001/XMLSchema-instance" xsi:noNamespaceSchemaLocation="https://maven.apache.org/surefire/maven-surefire-plugin/xsd/surefire-test-report-3.0.xsd" version="3.0" name="com.techelevator.exercises.ExercisesTest" time="2.167" tests="21" errors="0" skipped="0" failures="0">
  <properties>
    <property name="java.specification.version" value="21"/>
    <property name="sun.cpu.isalist" value="amd64"/>
    <property name="sun.jnu.encoding" value="Cp1252"/>
    <property name="java.class.path" value="C:\Users\AmbicaVarre\workspace\ambica-varre-student-code\java\module-2\03_Joins\exercise\target\test-classes;C:\Users\AmbicaVarre\workspace\ambica-varre-student-code\java\module-2\03_Joins\exercise\target\classes;C:\Users\AmbicaVarre\.m2\repository\org\postgresql\postgresql\42.7.3\postgresql-42.7.3.jar;C:\Users\AmbicaVarre\.m2\repository\org\checkerframework\checker-qual\3.42.0\checker-qual-3.42.0.jar;C:\Users\AmbicaVarre\.m2\repository\org\apache\commons\commons-dbcp2\2.10.0\commons-dbcp2-2.10.0.jar;C:\Users\AmbicaVarre\.m2\repository\org\apache\commons\commons-pool2\2.11.1\commons-pool2-2.11.1.jar;C:\Users\AmbicaVarre\.m2\repository\jakarta\transaction\jakarta.transaction-api\1.3.1\jakarta.transaction-api-1.3.1.jar;C:\Users\AmbicaVarre\.m2\repository\org\junit\jupiter\junit-jupiter-api\5.9.1\junit-jupiter-api-5.9.1.jar;C:\Users\AmbicaVarre\.m2\repository\org\opentest4j\opentest4j\1.2.0\opentest4j-1.2.0.jar;C:\Users\AmbicaVarre\.m2\repository\org\junit\platform\junit-platform-commons\1.9.1\junit-platform-commons-1.9.1.jar;C:\Users\AmbicaVarre\.m2\repository\org\apiguardian\apiguardian-api\1.1.2\apiguardian-api-1.1.2.jar;C:\Users\AmbicaVarre\.m2\repository\org\junit\jupiter\junit-jupiter-engine\5.9.1\junit-jupiter-engine-5.9.1.jar;C:\Users\AmbicaVarre\.m2\repository\org\junit\platform\junit-platform-engine\1.9.1\junit-platform-engine-1.9.1.jar;C:\Users\AmbicaVarre\.m2\repository\org\springframework\spring-jdbc\6.1.5\spring-jdbc-6.1.5.jar;C:\Users\AmbicaVarre\.m2\repository\org\springframework\spring-beans\6.1.5\spring-beans-6.1.5.jar;C:\Users\AmbicaVarre\.m2\repository\org\springframework\spring-core\6.1.5\spring-core-6.1.5.jar;C:\Users\AmbicaVarre\.m2\repository\org\springframework\spring-jcl\6.1.5\spring-jcl-6.1.5.jar;C:\Users\AmbicaVarre\.m2\repository\org\springframework\spring-tx\6.1.5\spring-tx-6.1.5.jar;C:\Users\AmbicaVarre\.m2\repository\org\springframework\spring-test\6.1.5\spring-test-6.1.5.jar;C:\Users\AmbicaVarre\workspace\ambica-varre-student-code\java\module-2\03_Joins\exercise\src\lib\TechElevatorSqlRunner.jar;"/>
    <property name="java.vm.vendor" value="Eclipse Adoptium"/>
    <property name="sun.arch.data.model" value="64"/>
    <property name="user.variant" value=""/>
    <property name="java.vendor.url" value="https://adoptium.net/"/>
    <property name="user.timezone" value="America/New_York"/>
    <property name="os.name" value="Windows 11"/>
    <property name="java.vm.specification.version" value="21"/>
    <property name="sun.java.launcher" value="SUN_STANDARD"/>
    <property name="user.country" value="US"/>
    <property name="sun.boot.library.path" value="C:\Program Files\Eclipse Adoptium\jdk-21.0.3.9-hotspot\bin"/>
    <property name="sun.java.command" value="C:\Users\AmbicaVarre\AppData\Local\Temp\surefire6968148866227168862\surefirebooter-20241009195818453_3.jar C:\Users\AmbicaVarre\AppData\Local\Temp\surefire6968148866227168862 2024-10-09T19-58-17_859-jvmRun1 surefire-20241009195818453_1tmp surefire_0-20241009195818453_2tmp"/>
    <property name="jdk.debug" value="release"/>
    <property name="surefire.test.class.path" value="C:\Users\AmbicaVarre\workspace\ambica-varre-student-code\java\module-2\03_Joins\exercise\target\test-classes;C:\Users\AmbicaVarre\workspace\ambica-varre-student-code\java\module-2\03_Joins\exercise\target\classes;C:\Users\AmbicaVarre\.m2\repository\org\postgresql\postgresql\42.7.3\postgresql-42.7.3.jar;C:\Users\AmbicaVarre\.m2\repository\org\checkerframework\checker-qual\3.42.0\checker-qual-3.42.0.jar;C:\Users\AmbicaVarre\.m2\repository\org\apache\commons\commons-dbcp2\2.10.0\commons-dbcp2-2.10.0.jar;C:\Users\AmbicaVarre\.m2\repository\org\apache\commons\commons-pool2\2.11.1\commons-pool2-2.11.1.jar;C:\Users\AmbicaVarre\.m2\repository\jakarta\transaction\jakarta.transaction-api\1.3.1\jakarta.transaction-api-1.3.1.jar;C:\Users\AmbicaVarre\.m2\repository\org\junit\jupiter\junit-jupiter-api\5.9.1\junit-jupiter-api-5.9.1.jar;C:\Users\AmbicaVarre\.m2\repository\org\opentest4j\opentest4j\1.2.0\opentest4j-1.2.0.jar;C:\Users\AmbicaVarre\.m2\repository\org\junit\platform\junit-platform-commons\1.9.1\junit-platform-commons-1.9.1.jar;C:\Users\AmbicaVarre\.m2\repository\org\apiguardian\apiguardian-api\1.1.2\apiguardian-api-1.1.2.jar;C:\Users\AmbicaVarre\.m2\repository\org\junit\jupiter\junit-jupiter-engine\5.9.1\junit-jupiter-engine-5.9.1.jar;C:\Users\AmbicaVarre\.m2\repository\org\junit\platform\junit-platform-engine\1.9.1\junit-platform-engine-1.9.1.jar;C:\Users\AmbicaVarre\.m2\repository\org\springframework\spring-jdbc\6.1.5\spring-jdbc-6.1.5.jar;C:\Users\AmbicaVarre\.m2\repository\org\springframework\spring-beans\6.1.5\spring-beans-6.1.5.jar;C:\Users\AmbicaVarre\.m2\repository\org\springframework\spring-core\6.1.5\spring-core-6.1.5.jar;C:\Users\AmbicaVarre\.m2\repository\org\springframework\spring-jcl\6.1.5\spring-jcl-6.1.5.jar;C:\Users\AmbicaVarre\.m2\repository\org\springframework\spring-tx\6.1.5\spring-tx-6.1.5.jar;C:\Users\AmbicaVarre\.m2\repository\org\springframework\spring-test\6.1.5\spring-test-6.1.5.jar;C:\Users\AmbicaVarre\workspace\ambica-varre-student-code\java\module-2\03_Joins\exercise\src\lib\TechElevatorSqlRunner.jar;"/>
    <property name="sun.cpu.endian" value="little"/>
    <property name="user.home" value="C:\Users\AmbicaVarre"/>
    <property name="user.language" value="en"/>
    <property name="java.specification.vendor" value="Oracle Corporation"/>
    <property name="java.version.date" value="2024-04-16"/>
    <property name="java.home" value="C:\Program Files\Eclipse Adoptium\jdk-21.0.3.9-hotspot"/>
    <property name="file.separator" value="\"/>
    <property name="basedir" value="C:\Users\AmbicaVarre\workspace\ambica-varre-student-code\java\module-2\03_Joins\exercise"/>
    <property name="java.vm.compressedOopsMode" value="Zero based"/>
    <property name="line.separator" value="&#10;"/>
    <property name="java.vm.specification.vendor" value="Oracle Corporation"/>
    <property name="java.specification.name" value="Java Platform API Specification"/>
    <property name="surefire.real.class.path" value="C:\Users\AmbicaVarre\AppData\Local\Temp\surefire6968148866227168862\surefirebooter-20241009195818453_3.jar"/>
    <property name="user.script" value=""/>
    <property name="sun.management.compiler" value="HotSpot 64-Bit Tiered Compilers"/>
    <property name="java.runtime.version" value="21.0.3+9-LTS"/>
    <property name="user.name" value="AmbicaVarre"/>
    <property name="stdout.encoding" value="Cp1252"/>
    <property name="path.separator" value=";"/>
    <property name="os.version" value="10.0"/>
    <property name="java.runtime.name" value="OpenJDK Runtime Environment"/>
    <property name="file.encoding" value="UTF-8"/>
    <property name="java.vm.name" value="OpenJDK 64-Bit Server VM"/>
    <property name="java.vendor.version" value="Temurin-21.0.3+9"/>
    <property name="localRepository" value="C:\Users\AmbicaVarre\.m2\repository"/>
    <property name="java.vendor.url.bug" value="https://github.com/adoptium/adoptium-support/issues"/>
    <property name="java.io.tmpdir" value="C:\Users\AmbicaVarre\AppData\Local\Temp\"/>
    <property name="idea.version" value="2023.3.3"/>
    <property name="java.version" value="21.0.3"/>
    <property name="user.dir" value="C:\Users\AmbicaVarre\workspace\ambica-varre-student-code\java\module-2\03_Joins\exercise"/>
    <property name="os.arch" value="amd64"/>
    <property name="java.vm.specification.name" value="Java Virtual Machine Specification"/>
    <property name="sun.os.patch.level" value=""/>
    <property name="native.encoding" value="Cp1252"/>
    <property name="java.library.path" value="C:\Program Files\Eclipse Adoptium\jdk-21.0.3.9-hotspot\bin;C:\Windows\Sun\Java\bin;C:\Windows\system32;C:\Windows;C:\Program Files\Eclipse Adoptium\jdk-21.0.3.9-hotspot\bin;C:\Windows\system32;C:\Windows;C:\Windows\System32\Wbem;C:\Windows\System32\WindowsPowerShell\v1.0\;C:\Windows\System32\OpenSSH\;C:\Program Files\Git\cmd;C:\Program Files\nodejs\;C:\Program Files\Microsoft VS Code\bin;C:\Users\AmbicaVarre\AppData\Local\Microsoft\WindowsApps;;C:\Users\AmbicaVarre\AppData\Roaming\npm;C:\Program Files\PostgreSQL\12\bin;."/>
    <property name="java.vm.info" value="mixed mode, sharing"/>
    <property name="stderr.encoding" value="Cp1252"/>
    <property name="java.vendor" value="Eclipse Adoptium"/>
    <property name="java.vm.version" value="21.0.3+9-LTS"/>
    <property name="sun.io.unicode.encoding" value="UnicodeLittle"/>
    <property name="java.class.version" value="65.0"/>
  </properties>
  <testcase name="exerciseProblem01" classname="com.techelevator.exercises.ExercisesTest" time="0.173"/>
  <testcase name="exerciseProblem02" classname="com.techelevator.exercises.ExercisesTest" time="0.018"/>
  <testcase name="exerciseProblem03" classname="com.techelevator.exercises.ExercisesTest" time="0.021"/>
  <testcase name="exerciseProblem04" classname="com.techelevator.exercises.ExercisesTest" time="0.018"/>
  <testcase name="exerciseProblem05" classname="com.techelevator.exercises.ExercisesTest" time="0.029"/>
  <testcase name="exerciseProblem06" classname="com.techelevator.exercises.ExercisesTest" time="0.012"/>
  <testcase name="exerciseProblem07" classname="com.techelevator.exercises.ExercisesTest" time="0.016"/>
  <testcase name="exerciseProblem08" classname="com.techelevator.exercises.ExercisesTest" time="0.017"/>
  <testcase name="exerciseProblem09" classname="com.techelevator.exercises.ExercisesTest" time="0.011"/>
  <testcase name="exerciseProblem10" classname="com.techelevator.exercises.ExercisesTest" time="0.01"/>
  <testcase name="exerciseProblem11" classname="com.techelevator.exercises.ExercisesTest" time="0.009"/>
  <testcase name="exerciseProblem12" classname="com.techelevator.exercises.ExercisesTest" time="0.007"/>
  <testcase name="exerciseProblem13" classname="com.techelevator.exercises.ExercisesTest" time="0.006"/>
  <testcase name="exerciseProblem14" classname="com.techelevator.exercises.ExercisesTest" time="0.008"/>
  <testcase name="exerciseProblem15" classname="com.techelevator.exercises.ExercisesTest" time="0.014"/>
  <testcase name="exerciseProblem16" classname="com.techelevator.exercises.ExercisesTest" time="0.01"/>
  <testcase name="exerciseProblem17" classname="com.techelevator.exercises.ExercisesTest" time="0.016"/>
  <testcase name="exerciseProblem18" classname="com.techelevator.exercises.ExercisesTest" time="0.009"/>
  <testcase name="exerciseProblem19" classname="com.techelevator.exercises.ExercisesTest" time="0.013"/>
  <testcase name="exerciseProblem20" classname="com.techelevator.exercises.ExercisesTest" time="0.013"/>
  <testcase name="exerciseProblem21" classname="com.techelevator.exercises.ExercisesTest" time="0.017"/>
</testsuite>